/*C2*/SET SCHEMA PUBLIC
set database SQL regular names false
set database SQL syntax ora true
set database transaction control MVLocks
DISCONNECT
/*C4*/SET SCHEMA PUBLIC
DISCONNECT
/*C5*/SET SCHEMA PUBLIC
DELETE FROM AGENT WHERE ID=1
INSERT INTO AGENT VALUES(1,'Default Agent','127.0.0.1',9090,1,1,1,0,1673033667886,1673033969954,'Server shutdown','ad0c528e873ef64215e5922392beb493',NULL,NULL)
COMMIT
DELETE FROM PROJECT WHERE INT_ID='project1'
INSERT INTO PROJECT VALUES('project1','913f7200-ea1c-46b2-a44e-b1f1580917be',NULL,NULL)
COMMIT
DELETE FROM BUILD_TYPE WHERE INT_ID='bt1'
INSERT INTO BUILD_TYPE VALUES('bt1','53795680-622a-48c8-9b0b-e81b47a9a961',NULL,NULL)
COMMIT
/*C8*/SET SCHEMA PUBLIC
DELETE FROM NODE_TASKS WHERE ID=31
INSERT INTO NODE_TASKS VALUES(31,'processingTriggers','processingTriggers-schedulingTrigger',NULL,NULL,'schedulingTrigger',NULL,'MAIN_SERVER','MAIN_SERVER',1,NULL,NULL,'2023-01-06 21:34:10.987000',NULL,'2023-01-06 21:41:24.337000')
COMMIT
/*C6*/SET SCHEMA PUBLIC
INSERT INTO NODE_TASKS VALUES(41,'processingTriggers','processingTriggers-schedulingTrigger',NULL,NULL,'schedulingTrigger',NULL,'MAIN_SERVER',NULL,0,NULL,NULL,'2023-01-06 21:41:24.343000',NULL,NULL)
COMMIT
/*C7*/SET SCHEMA PUBLIC
DELETE FROM NODE_TASKS WHERE ID=32
INSERT INTO NODE_TASKS VALUES(32,'periodicalCheckingForChanges','periodicalCheckingForChanges',NULL,NULL,NULL,NULL,'MAIN_SERVER','MAIN_SERVER',1,NULL,NULL,'2023-01-06 21:34:21.010000',NULL,'2023-01-06 21:41:24.343000')
COMMIT
DELETE FROM NODE_TASKS WHERE ID=33
INSERT INTO NODE_TASKS VALUES(33,'processingTriggers','processingTriggers-vcsTrigger',NULL,NULL,'vcsTrigger',NULL,'MAIN_SERVER','MAIN_SERVER',1,NULL,NULL,'2023-01-06 21:34:21.412000',NULL,'2023-01-06 21:41:24.348000')
COMMIT
DELETE FROM NODE_TASKS WHERE ID=34
INSERT INTO NODE_TASKS VALUES(34,'processingTriggers','processingTriggers-retryBuildTrigger',NULL,NULL,'retryBuildTrigger',NULL,'MAIN_SERVER','MAIN_SERVER',1,NULL,NULL,'2023-01-06 21:34:21.413000',NULL,'2023-01-06 21:41:24.349000')
COMMIT
DELETE FROM NODE_TASKS WHERE ID=35
INSERT INTO NODE_TASKS VALUES(35,'processingTriggers','processingTriggers-nuget.simple',NULL,NULL,'nuget.simple',NULL,'MAIN_SERVER','MAIN_SERVER',1,NULL,NULL,'2023-01-06 21:34:21.413000',NULL,'2023-01-06 21:41:24.351000')
COMMIT
DELETE FROM NODE_TASKS WHERE ID=36
INSERT INTO NODE_TASKS VALUES(36,'processingTriggers','processingTriggers-mavenSnapshotDependencyTrigger',NULL,NULL,'mavenSnapshotDependencyTrigger',NULL,'MAIN_SERVER','MAIN_SERVER',1,NULL,NULL,'2023-01-06 21:34:21.414000',NULL,'2023-01-06 21:41:24.351000')
COMMIT
DELETE FROM NODE_TASKS WHERE ID=37
INSERT INTO NODE_TASKS VALUES(37,'processingTriggers','processingTriggers-remoteRunOnBranch',NULL,NULL,'remoteRunOnBranch',NULL,'MAIN_SERVER','MAIN_SERVER',1,NULL,NULL,'2023-01-06 21:34:21.416000',NULL,'2023-01-06 21:41:24.352000')
COMMIT
DELETE FROM NODE_TASKS WHERE ID=38
INSERT INTO NODE_TASKS VALUES(38,'processingTriggers','processingTriggers-buildDependencyTrigger',NULL,NULL,'buildDependencyTrigger',NULL,'MAIN_SERVER','MAIN_SERVER',1,NULL,NULL,'2023-01-06 21:34:21.417000',NULL,'2023-01-06 21:41:24.355000')
COMMIT
DELETE FROM NODE_TASKS WHERE ID=40
INSERT INTO NODE_TASKS VALUES(40,'processingTriggers','processingTriggers-perforceShelveTrigger',NULL,NULL,'perforceShelveTrigger',NULL,'MAIN_SERVER','MAIN_SERVER',1,NULL,NULL,'2023-01-06 21:34:21.418000',NULL,'2023-01-06 21:41:24.356000')
COMMIT
DELETE FROM NODE_TASKS WHERE ID=39
INSERT INTO NODE_TASKS VALUES(39,'processingTriggers','processingTriggers-mavenArtifactDependencyTrigger',NULL,NULL,'mavenArtifactDependencyTrigger',NULL,'MAIN_SERVER','MAIN_SERVER',1,NULL,NULL,'2023-01-06 21:34:21.418000',NULL,'2023-01-06 21:41:24.357000')
COMMIT
/*C5*/DELETE FROM USERS WHERE ID=1
INSERT INTO USERS VALUES(1,'admin','$2a$07$B8OqvsNsbaloLHkvqqMbmOAGGD3T2rhvCTaxlh.7wysQ4bzY/Y25u','','',1673034087505,'BCRYPT')
COMMIT
DELETE FROM AGENT WHERE ID=1
INSERT INTO AGENT VALUES(1,'Default Agent','127.0.0.1',9090,1,1,1,0,1673033667886,1673033969954,'Server shutdown','ad0c528e873ef64215e5922392beb493',NULL,NULL)
COMMIT
DELETE FROM AGENT WHERE ID=1
INSERT INTO AGENT VALUES(1,'Default Agent','127.0.0.1',9090,1,1,1,0,1673033667886,1673033969954,'Server shutdown','ad0c528e873ef64215e5922392beb493',NULL,NULL)
COMMIT
DELETE FROM AGENT WHERE ID=1
INSERT INTO AGENT VALUES(1,'Default Agent','127.0.0.1',9090,1,1,1,0,1673033667886,1673033969954,'Server shutdown','ad0c528e873ef64215e5922392beb493',NULL,NULL)
COMMIT
DELETE FROM AGENT WHERE ID=1
INSERT INTO AGENT VALUES(1,'Default Agent','127.0.0.1',9090,1,1,1,1,1673034089758,1673033969954,NULL,'ad0c528e873ef64215e5922392beb493',NULL,NULL)
COMMIT
DELETE FROM AGENT WHERE ID=1
INSERT INTO AGENT VALUES(1,'Default Agent','127.0.0.1',9090,1,1,1,1,1673034089758,1673034089771,NULL,'ad0c528e873ef64215e5922392beb493',NULL,NULL)
COMMIT
DELETE FROM AGENT WHERE ID=1
INSERT INTO AGENT VALUES(1,'Default Agent','127.0.0.1',9090,1,1,1,1,1673034089758,1673034089840,NULL,'ad0c528e873ef64215e5922392beb493',NULL,NULL)
COMMIT
DELETE FROM AGENT WHERE ID=1
INSERT INTO AGENT VALUES(1,'Default Agent','127.0.0.1',9090,1,1,1,0,1673034089758,1673034089840,'Agent has unregistered (will upgrade)','ad0c528e873ef64215e5922392beb493',NULL,NULL)
COMMIT
INSERT INTO NODE_TASKS VALUES(42,'periodicalCheckingForChanges','periodicalCheckingForChanges',NULL,NULL,NULL,NULL,'MAIN_SERVER',NULL,0,NULL,NULL,'2023-01-06 21:41:34.373000',NULL,NULL)
COMMIT
/*C6*/INSERT INTO NODE_TASKS VALUES(43,'processingTriggers','processingTriggers-buildDependencyTrigger',NULL,NULL,'buildDependencyTrigger',NULL,'MAIN_SERVER',NULL,0,NULL,NULL,'2023-01-06 21:41:34.758000',NULL,NULL)
COMMIT
INSERT INTO NODE_TASKS VALUES(44,'processingTriggers','processingTriggers-nuget.simple',NULL,NULL,'nuget.simple',NULL,'MAIN_SERVER',NULL,0,NULL,NULL,'2023-01-06 21:41:34.758000',NULL,NULL)
COMMIT
INSERT INTO NODE_TASKS VALUES(45,'processingTriggers','processingTriggers-retryBuildTrigger',NULL,NULL,'retryBuildTrigger',NULL,'MAIN_SERVER',NULL,0,NULL,NULL,'2023-01-06 21:41:34.759000',NULL,NULL)
COMMIT
INSERT INTO NODE_TASKS VALUES(46,'processingTriggers','processingTriggers-perforceShelveTrigger',NULL,NULL,'perforceShelveTrigger',NULL,'MAIN_SERVER',NULL,0,NULL,NULL,'2023-01-06 21:41:34.760000',NULL,NULL)
COMMIT
INSERT INTO NODE_TASKS VALUES(47,'processingTriggers','processingTriggers-vcsTrigger',NULL,NULL,'vcsTrigger',NULL,'MAIN_SERVER',NULL,0,NULL,NULL,'2023-01-06 21:41:34.761000',NULL,NULL)
COMMIT
INSERT INTO NODE_TASKS VALUES(48,'processingTriggers','processingTriggers-mavenArtifactDependencyTrigger',NULL,NULL,'mavenArtifactDependencyTrigger',NULL,'MAIN_SERVER',NULL,0,NULL,NULL,'2023-01-06 21:41:34.762000',NULL,NULL)
COMMIT
INSERT INTO NODE_TASKS VALUES(49,'processingTriggers','processingTriggers-remoteRunOnBranch',NULL,NULL,'remoteRunOnBranch',NULL,'MAIN_SERVER',NULL,0,NULL,NULL,'2023-01-06 21:41:34.762000',NULL,NULL)
COMMIT
INSERT INTO NODE_TASKS VALUES(50,'processingTriggers','processingTriggers-mavenSnapshotDependencyTrigger',NULL,NULL,'mavenSnapshotDependencyTrigger',NULL,'MAIN_SERVER',NULL,0,NULL,NULL,'2023-01-06 21:41:34.763000',NULL,NULL)
COMMIT
DELETE FROM AGENT WHERE ID=1
INSERT INTO AGENT VALUES(1,'Default Agent','127.0.0.1',9090,1,1,1,0,1673034089758,1673034089840,'Agent has unregistered (will upgrade)','ad0c528e873ef64215e5922392beb493',NULL,NULL)
COMMIT
DELETE FROM AGENT WHERE ID=1
INSERT INTO AGENT VALUES(1,'Default Agent','127.0.0.1',9090,1,1,1,0,1673034089758,1673034089840,'Agent has unregistered (will upgrade)','ad0c528e873ef64215e5922392beb493',NULL,NULL)
COMMIT
DELETE FROM AGENT WHERE ID=1
INSERT INTO AGENT VALUES(1,'Default Agent','127.0.0.1',9090,1,1,1,0,1673034089758,1673034089840,'Agent has unregistered (will upgrade)','ad0c528e873ef64215e5922392beb493',NULL,NULL)
COMMIT
DELETE FROM AGENT_TYPE_INFO WHERE AGENT_TYPE_ID=1
INSERT INTO AGENT_TYPE_INFO VALUES(1,'Mac OS X, version 13.0.1',1074,'2023-01-06 21:41:40.707000','2023-01-06 21:41:40.707000')
DELETE FROM AGENT_TYPE_PARAM WHERE AGENT_TYPE_ID=1 AND PARAM_KIND='B' AND PARAM_NAME='system.teamcity.agent.cpuBenchmark'
DELETE FROM AGENT_TYPE_PARAM WHERE AGENT_TYPE_ID=1 AND PARAM_KIND='B' AND PARAM_NAME='env.JAVA_MAIN_CLASS_13810'
DELETE FROM AGENT_TYPE_PARAM WHERE AGENT_TYPE_ID=1 AND PARAM_KIND='B' AND PARAM_NAME='env.JAVA_MAIN_CLASS_13721'
DELETE FROM AGENT_TYPE_PARAM WHERE AGENT_TYPE_ID=1 AND PARAM_KIND='C' AND PARAM_NAME='teamcity.agent.protocol'
DELETE FROM AGENT_TYPE_PARAM WHERE AGENT_TYPE_ID=1 AND PARAM_KIND='C' AND PARAM_NAME='teamcity.agent.work.dir.freeSpaceMb'
INSERT INTO AGENT_TYPE_PARAM VALUES(1,'B','system.teamcity.agent.cpuBenchmark','1074')
INSERT INTO AGENT_TYPE_PARAM VALUES(1,'B','env.JAVA_MAIN_CLASS_15078','jetbrains.buildServer.agent.Launcher')
INSERT INTO AGENT_TYPE_PARAM VALUES(1,'B','env.JAVA_MAIN_CLASS_15146','jetbrains.buildServer.agent.AgentMain')
INSERT INTO AGENT_TYPE_PARAM VALUES(1,'C','teamcity.agent.work.dir.freeSpaceMb','260701')
COMMIT
DELETE FROM AGENT WHERE ID=1
INSERT INTO AGENT VALUES(1,'Default Agent','127.0.0.1',9090,1,1,1,1,1673034100703,1673034089840,NULL,'ad0c528e873ef64215e5922392beb493',NULL,NULL)
COMMIT
DELETE FROM AGENT WHERE ID=1
INSERT INTO AGENT VALUES(1,'Default Agent','127.0.0.1',9090,1,1,1,1,1673034100703,1673034100715,NULL,'ad0c528e873ef64215e5922392beb493',NULL,NULL)
COMMIT
/*C5*/DELETE FROM AGENT_TYPE_INFO WHERE AGENT_TYPE_ID=1
INSERT INTO AGENT_TYPE_INFO VALUES(1,'Mac OS X, version 13.0.1',1074,'2023-01-06 21:41:42.738000','2023-01-06 21:41:42.738000')
INSERT INTO AGENT_TYPE_PARAM VALUES(1,'C','teamcity.agent.protocol','polling')
COMMIT
/*C6*/INSERT INTO SERVER_STATISTICS VALUES(1,1,1673034144370)
COMMIT
INSERT INTO SERVER_STATISTICS VALUES(3,3,1673034144370)
COMMIT
INSERT INTO SERVER_STATISTICS VALUES(2,0,1673034144370)
COMMIT
/*C5*/DELETE FROM USERS WHERE ID=1
INSERT INTO USERS VALUES(1,'admin','$2a$07$B8OqvsNsbaloLHkvqqMbmOAGGD3T2rhvCTaxlh.7wysQ4bzY/Y25u','','',1673034376748,'BCRYPT')
COMMIT
DELETE FROM USERS WHERE ID=1
INSERT INTO USERS VALUES(1,'admin','$2a$07$B8OqvsNsbaloLHkvqqMbmOAGGD3T2rhvCTaxlh.7wysQ4bzY/Y25u','','',1673034376749,'BCRYPT')
COMMIT
DELETE FROM AGENT WHERE ID=1
INSERT INTO AGENT VALUES(1,'Default Agent','127.0.0.1',9090,1,1,1,1,1673034100703,1673034402878,NULL,'ad0c528e873ef64215e5922392beb493',NULL,NULL)
COMMIT
